# JRE version: Java(TM) SE Runtime Environment (13.0.1+9) (build 13.0.1+9)
# Java VM: Java HotSpot(TM) 64-Bit Server VM (13.0.1+9, mixed mode, sharing, tiered, compressed oops, g1 gc, windows-amd64)
Heap:
 garbage-first heap   total 315392K, used 174061K [0x0000000701a00000, 0x0000000800000000)
  region size 1024K, 160 young (163840K), 1 survivors (1024K)
 Metaspace       used 4077K, capacity 6995K, committed 7296K, reserved 1056768K
  class space    used 289K, capacity 584K, committed 640K, reserved 1048576K
GC Heap History (20 events):
Event: 1062.861 GC heap before
{Heap before GC invocations=3352 (full 0):
 garbage-first heap   total 315392K, used 199916K [0x0000000701a00000, 0x0000000800000000)
  region size 1024K, 184 young (188416K), 1 survivors (1024K)
 Metaspace       used 4072K, capacity 6995K, committed 7296K, reserved 1056768K
  class space    used 289K, capacity 584K, committed 640K, reserved 1048576K
}
Event: 1062.862 GC heap after
{Heap after GC invocations=3353 (full 0):
 garbage-first heap   total 315392K, used 12434K [0x0000000701a00000, 0x0000000800000000)
  region size 1024K, 1 young (1024K), 1 survivors (1024K)
 Metaspace       used 4072K, capacity 6995K, committed 7296K, reserved 1056768K
  class space    used 289K, capacity 584K, committed 640K, reserved 1048576K
}
Event: 1063.199 GC heap before
{Heap before GC invocations=3353 (full 0):
 garbage-first heap   total 315392K, used 199826K [0x0000000701a00000, 0x0000000800000000)
  region size 1024K, 184 young (188416K), 1 survivors (1024K)
 Metaspace       used 4072K, capacity 6995K, committed 7296K, reserved 1056768K
  class space    used 289K, capacity 584K, committed 640K, reserved 1048576K
}
Event: 1063.200 GC heap after
{Heap after GC invocations=3354 (full 0):
 garbage-first heap   total 315392K, used 12606K [0x0000000701a00000, 0x0000000800000000)
  region size 1024K, 1 young (1024K), 1 survivors (1024K)
 Metaspace       used 4072K, capacity 6995K, committed 7296K, reserved 1056768K
  class space    used 289K, capacity 584K, committed 640K, reserved 1048576K
}
Event: 1063.557 GC heap before
{Heap before GC invocations=3354 (full 0):
 garbage-first heap   total 315392K, used 199998K [0x0000000701a00000, 0x0000000800000000)
  region size 1024K, 184 young (188416K), 1 survivors (1024K)
 Metaspace       used 4072K, capacity 6995K, committed 7296K, reserved 1056768K
  class space    used 289K, capacity 584K, committed 640K, reserved 1048576K
}
Event: 1063.558 GC heap after
{Heap after GC invocations=3355 (full 0):
 garbage-first heap   total 315392K, used 12327K [0x0000000701a00000, 0x0000000800000000)
  region size 1024K, 1 young (1024K), 1 survivors (1024K)
 Metaspace       used 4072K, capacity 6995K, committed 7296K, reserved 1056768K
  class space    used 289K, capacity 584K, committed 640K, reserved 1048576K
}
Event: 1063.886 GC heap before
{Heap before GC invocations=3355 (full 0):
 garbage-first heap   total 315392K, used 199719K [0x0000000701a00000, 0x0000000800000000)
  region size 1024K, 184 young (188416K), 1 survivors (1024K)
 Metaspace       used 4072K, capacity 6995K, committed 7296K, reserved 1056768K
  class space    used 289K, capacity 584K, committed 640K, reserved 1048576K
}
Event: 1063.888 GC heap after
{Heap after GC invocations=3356 (full 0):
 garbage-first heap   total 315392K, used 12466K [0x0000000701a00000, 0x0000000800000000)
  region size 1024K, 1 young (1024K), 1 survivors (1024K)
 Metaspace       used 4072K, capacity 6995K, committed 7296K, reserved 1056768K
  class space    used 289K, capacity 584K, committed 640K, reserved 1048576K
}
Event: 1064.223 GC heap before
{Heap before GC invocations=3356 (full 0):
 garbage-first heap   total 315392K, used 199858K [0x0000000701a00000, 0x0000000800000000)
  region size 1024K, 184 young (188416K), 1 survivors (1024K)
 Metaspace       used 4072K, capacity 6995K, committed 7296K, reserved 1056768K
  class space    used 289K, capacity 584K, committed 640K, reserved 1048576K
}
Event: 1064.225 GC heap after
{Heap after GC invocations=3357 (full 0):
 garbage-first heap   total 315392K, used 12322K [0x0000000701a00000, 0x0000000800000000)
  region size 1024K, 1 young (1024K), 1 survivors (1024K)
 Metaspace       used 4072K, capacity 6995K, committed 7296K, reserved 1056768K
  class space    used 289K, capacity 584K, committed 640K, reserved 1048576K
}
Event: 1064.603 GC heap before
{Heap before GC invocations=3357 (full 0):
 garbage-first heap   total 315392K, used 199714K [0x0000000701a00000, 0x0000000800000000)
  region size 1024K, 184 young (188416K), 1 survivors (1024K)
 Metaspace       used 4072K, capacity 6995K, committed 7296K, reserved 1056768K
  class space    used 289K, capacity 584K, committed 640K, reserved 1048576K
}
Event: 1064.604 GC heap after
{Heap after GC invocations=3358 (full 0):
 garbage-first heap   total 315392K, used 12385K [0x0000000701a00000, 0x0000000800000000)
  region size 1024K, 1 young (1024K), 1 survivors (1024K)
 Metaspace       used 4072K, capacity 6995K, committed 7296K, reserved 1056768K
  class space    used 289K, capacity 584K, committed 640K, reserved 1048576K
}
Event: 1064.991 GC heap before
{Heap before GC invocations=3358 (full 0):
 garbage-first heap   total 315392K, used 199777K [0x0000000701a00000, 0x0000000800000000)
  region size 1024K, 184 young (188416K), 1 survivors (1024K)
 Metaspace       used 4072K, capacity 6995K, committed 7296K, reserved 1056768K
  class space    used 289K, capacity 584K, committed 640K, reserved 1048576K
}
Event: 1064.992 GC heap after
{Heap after GC invocations=3359 (full 0):
 garbage-first heap   total 315392K, used 12453K [0x0000000701a00000, 0x0000000800000000)
  region size 1024K, 1 young (1024K), 1 survivors (1024K)
 Metaspace       used 4072K, capacity 6995K, committed 7296K, reserved 1056768K
  class space    used 289K, capacity 584K, committed 640K, reserved 1048576K
}
Event: 1065.365 GC heap before
{Heap before GC invocations=3359 (full 0):
 garbage-first heap   total 315392K, used 199845K [0x0000000701a00000, 0x0000000800000000)
  region size 1024K, 184 young (188416K), 1 survivors (1024K)
 Metaspace       used 4072K, capacity 6995K, committed 7296K, reserved 1056768K
  class space    used 289K, capacity 584K, committed 640K, reserved 1048576K
}
Event: 1065.366 GC heap after
{Heap after GC invocations=3360 (full 0):
 garbage-first heap   total 315392K, used 12460K [0x0000000701a00000, 0x0000000800000000)
  region size 1024K, 1 young (1024K), 1 survivors (1024K)
 Metaspace       used 4072K, capacity 6995K, committed 7296K, reserved 1056768K
  class space    used 289K, capacity 584K, committed 640K, reserved 1048576K
}
Event: 1065.737 GC heap before
{Heap before GC invocations=3360 (full 0):
 garbage-first heap   total 315392K, used 199852K [0x0000000701a00000, 0x0000000800000000)
  region size 1024K, 184 young (188416K), 1 survivors (1024K)
 Metaspace       used 4072K, capacity 6995K, committed 7296K, reserved 1056768K
  class space    used 289K, capacity 584K, committed 640K, reserved 1048576K
}
Event: 1065.737 GC heap after
{Heap after GC invocations=3361 (full 0):
 garbage-first heap   total 315392K, used 12196K [0x0000000701a00000, 0x0000000800000000)
  region size 1024K, 1 young (1024K), 1 survivors (1024K)
 Metaspace       used 4072K, capacity 6995K, committed 7296K, reserved 1056768K
  class space    used 289K, capacity 584K, committed 640K, reserved 1048576K
}
Event: 1066.098 GC heap before
{Heap before GC invocations=3361 (full 0):
 garbage-first heap   total 315392K, used 199588K [0x0000000701a00000, 0x0000000800000000)
  region size 1024K, 184 young (188416K), 1 survivors (1024K)
 Metaspace       used 4072K, capacity 6995K, committed 7296K, reserved 1056768K
  class space    used 289K, capacity 584K, committed 640K, reserved 1048576K
}
Event: 1066.099 GC heap after
{Heap after GC invocations=3362 (full 0):
 garbage-first heap   total 315392K, used 12269K [0x0000000701a00000, 0x0000000800000000)
  region size 1024K, 1 young (1024K), 1 survivors (1024K)
 Metaspace       used 4072K, capacity 6995K, committed 7296K, reserved 1056768K
  class space    used 289K, capacity 584K, committed 640K, reserved 1048576K
}

